<?xml version="1.0" encoding="UTF-8"?>
<!-- Generated by org.testng.reporters.JUnitReportReporter -->
<testsuite hostname="DESKTOP-VG7G83C" failures="0" tests="4" name="TestNg.TestNg_Dataproviders" time="1.042" errors="0" timestamp="2022-11-09T11:32:48 IST" skipped="0">
  <testcase classname="TestNg.TestNg_Dataproviders" name="enterDataToTheFields" time="0.243"/>
  <system-out/>
  <testcase classname="TestNg.TestNg_Dataproviders" name="enterDataToTheFields" time="0.238"/>
  <system-out/>
  <testcase classname="TestNg.TestNg_Dataproviders" name="enterDataToTheFields" time="0.239"/>
  <system-out/>
  <testcase classname="TestNg.TestNg_Dataproviders" name="enterDataToTheFields" time="0.322"/>
  <system-out/>
</testsuite> <!-- TestNg.TestNg_Dataproviders -->
