<?xml version="1.0" encoding="UTF-8"?>
<!-- Generated by org.testng.reporters.JUnitReportReporter -->
<testsuite hostname="DESKTOP-VG7G83C" failures="0" tests="1" name="TestNg.TestNgExample1" time="0.000" errors="0" timestamp="2022-11-04T19:24:03 IST" skipped="1">
  <testcase classname="TestNg.TestNgExample1" name="verify" time="0.000">
    <skipped/>
  </testcase> <!-- verify -->
  <system-out/>
</testsuite> <!-- TestNg.TestNgExample1 -->
