<?xml version="1.0" encoding="UTF-8"?>
<!-- Generated by org.testng.reporters.JUnitReportReporter -->
<testsuite hostname="DESKTOP-VG7G83C" failures="0" tests="3" name="ExtentReports.ExtentReportExample" time="6.530" errors="0" timestamp="2022-11-19T13:25:41 IST" skipped="0">
  <testcase classname="ExtentReports.ExtentReportExample" name="loginToOrangeHRM" time="3.109"/>
  <system-out/>
  <testcase classname="ExtentReports.ExtentReportExample" name="clickPaulsam" time="0.675"/>
  <system-out/>
  <testcase classname="ExtentReports.ExtentReportExample" name="clickLogout" time="2.746"/>
  <system-out/>
</testsuite> <!-- ExtentReports.ExtentReportExample -->
