<?xml version="1.0" encoding="UTF-8"?>
<!-- Generated by org.testng.reporters.JUnitReportReporter -->
<testsuite hostname="DESKTOP-VG7G83C" failures="0" tests="2" name="TestNgScreenshots.Screenshots_Dynamicway" time="1.864" errors="0" timestamp="2022-11-09T11:00:15 IST" skipped="0">
  <testcase classname="TestNgScreenshots.Screenshots_Dynamicway" name="enterDataToTheField1" time="1.573"/>
  <system-out/>
  <testcase classname="TestNgScreenshots.Screenshots_Dynamicway" name="enterDataToFields" time="0.291"/>
  <system-out/>
</testsuite> <!-- TestNgScreenshots.Screenshots_Dynamicway -->
