<?xml version="1.0" encoding="UTF-8"?>
<!-- Generated by org.testng.reporters.JUnitReportReporter -->
<testsuite hostname="DESKTOP-VG7G83C" failures="0" tests="3" name="TestNGAssertions.HardAssertion_TestNG" time="3.849" errors="0" timestamp="2022-11-09T17:04:46 IST" skipped="0">
  <testcase classname="TestNGAssertions.HardAssertion_TestNG" name="enterUsername" time="0.709"/>
  <system-out/>
  <testcase classname="TestNGAssertions.HardAssertion_TestNG" name="enterPassword" time="0.187"/>
  <system-out/>
  <testcase classname="TestNGAssertions.HardAssertion_TestNG" name="signout" time="2.953"/>
  <system-out/>
</testsuite> <!-- TestNGAssertions.HardAssertion_TestNG -->
