<?xml version="1.0" encoding="UTF-8"?>
<!-- Generated by org.testng.reporters.JUnitReportReporter -->
<testsuite hostname="DESKTOP-VG7G83C" failures="0" tests="10" name="TestNg.TestExample_InvocationCount" time="0.949" errors="0" timestamp="2022-11-04T19:17:00 IST" skipped="0">
  <testcase classname="TestNg.TestExample_InvocationCount" name="enterTextIntoField1" time="0.095"/>
  <system-out/>
  <testcase classname="TestNg.TestExample_InvocationCount" name="enterTextIntoField1" time="0.089"/>
  <system-out/>
  <testcase classname="TestNg.TestExample_InvocationCount" name="enterTextIntoField1" time="0.136"/>
  <system-out/>
  <testcase classname="TestNg.TestExample_InvocationCount" name="enterTextIntoField1" time="0.088"/>
  <system-out/>
  <testcase classname="TestNg.TestExample_InvocationCount" name="enterTextIntoField1" time="0.091"/>
  <system-out/>
  <testcase classname="TestNg.TestExample_InvocationCount" name="enterTextIntoField1" time="0.094"/>
  <system-out/>
  <testcase classname="TestNg.TestExample_InvocationCount" name="enterTextIntoField1" time="0.087"/>
  <system-out/>
  <testcase classname="TestNg.TestExample_InvocationCount" name="enterTextIntoField1" time="0.089"/>
  <system-out/>
  <testcase classname="TestNg.TestExample_InvocationCount" name="enterTextIntoField1" time="0.090"/>
  <system-out/>
  <testcase classname="TestNg.TestExample_InvocationCount" name="enterTextIntoField1" time="0.090"/>
  <system-out/>
</testsuite> <!-- TestNg.TestExample_InvocationCount -->
