<?xml version="1.0" encoding="UTF-8"?>
<!-- Generated by org.testng.reporters.JUnitReportReporter -->
<testsuite hostname="DESKTOP-VG7G83C" failures="0" tests="1" name="Tests.Login" time="0.988" errors="0" timestamp="2022-11-11T19:21:23 IST" skipped="0">
  <testcase classname="Tests.Login" name="enterCredentials" time="0.988"/>
  <system-out/>
</testsuite> <!-- Tests.Login -->
