<?xml version="1.0" encoding="UTF-8"?>
<!-- Generated by org.testng.reporters.JUnitReportReporter -->
<testsuite hostname="DESKTOP-VG7G83C" failures="0" tests="3" name="TestNg.TestNgExample2" time="0.000" errors="0" timestamp="2022-11-04T19:24:03 IST" skipped="3">
  <testcase classname="TestNg.TestNgExample2" name="enterUsername" time="0.000">
    <skipped/>
  </testcase> <!-- enterUsername -->
  <system-out/>
  <testcase classname="TestNg.TestNgExample2" name="enterPassword" time="0.000">
    <skipped/>
  </testcase> <!-- enterPassword -->
  <system-out/>
  <testcase classname="TestNg.TestNgExample2" name="ClickLogin" time="0.000">
    <skipped/>
  </testcase> <!-- ClickLogin -->
  <system-out/>
</testsuite> <!-- TestNg.TestNgExample2 -->
