<?xml version="1.0" encoding="UTF-8"?>
<!-- Generated by org.testng.reporters.JUnitReportReporter -->
<testsuite hostname="DESKTOP-VG7G83C" failures="0" tests="2" name="Tests.ForgotPassword" time="3.527" errors="0" timestamp="2022-11-12T03:19:55 IST" skipped="0">
  <testcase classname="Tests.ForgotPassword" name="clickForgotPassword" time="1.407"/>
  <system-out/>
  <testcase classname="Tests.ForgotPassword" name="enterCredentialsonForgotPasswordPage" time="2.120"/>
  <system-out/>
</testsuite> <!-- Tests.ForgotPassword -->
