<?xml version="1.0" encoding="UTF-8"?>
<!-- Generated by org.testng.reporters.JUnitReportReporter -->
<testsuite hostname="DESKTOP-VG7G83C" failures="0" tests="3" name="TestNg.TestNgExample_Enabled" time="1.419" errors="0" timestamp="2022-11-04T19:16:01 IST" skipped="1">
  <testcase classname="TestNg.TestNgExample_Enabled" name="enterPassword" time="0.122"/>
  <system-out/>
  <testcase classname="TestNg.TestNgExample_Enabled" name="enterUsername" time="1.297"/>
  <system-out/>
  <testcase classname="TestNg.TestNgExample_Enabled" name="ClickLogin">
    <skipped/>
  </testcase> <!-- ClickLogin -->
  <system-out/>
</testsuite> <!-- TestNg.TestNgExample_Enabled -->
